    Checking bairstow-rs v0.1.0 (/home/lubuntu/Documents/github/bairstow-rs)
warning: unused import: `core::fmt`
 --> src/vector2.rs:7:5
  |
7 | use core::fmt;
  |     ^^^^^^^^^
  |
  = note: `#[warn(unused_imports)]` on by default

warning: unused imports: `Product`, `Sum`
  --> src/vector2.rs:10:18
   |
10 | use core::iter::{Product, Sum};
   |                  ^^^^^^^  ^^^

warning: unused import: `core::str::FromStr`
  --> src/vector2.rs:12:5
   |
12 | use core::str::FromStr;
   |     ^^^^^^^^^^^^^^^^^^

warning: unused imports: `Inv`, `MulAdd`, `Pow`, `Zero`
  --> src/vector2.rs:16:18
   |
16 | use num_traits::{Inv, MulAdd, Num, Pow, Signed, Zero};
   |                  ^^^  ^^^^^^       ^^^          ^^^^

warning: crate-level attribute should be in the root module
 --> src/vector2.rs:1:1
  |
1 | #![no_std]
  | ^^^^^^^^^^
  |
  = note: `#[warn(unused_attributes)]` on by default

warning: `bairstow-rs` (bin "bairstow-rs") generated 5 warnings
    Finished dev [unoptimized + debuginfo] target(s) in 0.34s
